[0]: RDY
[1]: (null)
[0]:    6
[1]: (null)
[0]:   61
[1]: (null)
[0]:  612
[1]: (null)
[0]: RDY
[1]: (null)
[0]:    6
[1]: (null)
[0]:   65
[1]: (null)
[0]:  659
[1]: Can't check in
[0]: RDY
[1]: (null)
[0]:    6
[1]: (null)
[0]:   61
[1]: (null)
[0]:  612
[1]: (null)
[0]: RDY
[1]: (null)
[0]:    6
[1]: (null)
[0]:   65
[1]: (null)
[0]:  654
[1]: Okay - in
[0]: RDY
[1]: (null)
[0]:    9
[1]: (null)
[0]:   95
[1]: (null)
[0]:  952
[1]: Supervisor
[0]: RDY
[1]: (null)
[0]:    6
[1]: (null)
[0]:   61
[1]: (null)
[0]:  612
[1]: 0
[0]: RDY
[1]: Normal
[0]: RDY
[1]: (null)
[0]:    6
[1]: (null)
[0]:   61
[1]: (null)
[0]:  612
[1]: (null)
[0]: RDY
[1]: (null)
[0]:    6
[1]: (null)
[0]:   65
[1]: (null)
[0]:  654
[1]: Can't check in
[0]: RDY
[1]: (null)
[0]:    6
[1]: (null)
[0]:   61
[1]: (null)
[0]:  612
[1]: (null)
[0]: RDY
[1]: (null)
[0]:    6
[1]: (null)
[0]:   65
[1]: (null)
[0]:  654
[1]: Okay - out
[0]: RDY
[1]: (null)
[0]:    9
[1]: (null)
[0]:   95
[1]: (null)
[0]:  952
[1]: Supervisor
[0]: RDY
[1]: (null)
[0]:    6
[1]: (null)
[0]:   61
[1]: (null)
[0]:  612
[1]: 1
[0]: RDY
[1]: Normal
